<?xml version="1.0" encoding="UTF-8"?>
<!-- Generated by org.testng.reporters.JUnitReportReporter -->
<testsuite hostname="LAPTOP-POCHI3TQ" failures="0" tests="14" name="com.xyxbank.tests.CustomerLogin_DepositTest" time="2.910" errors="0" timestamp="2023-11-23T17:00:02 IST" skipped="0">
  <testcase classname="com.xyxbank.tests.CustomerLogin_DepositTest" name="testCustomerLogin" time="0.891"/>
  <system-out/>
  <testcase classname="com.xyxbank.tests.CustomerLogin_DepositTest" name="testYourNameDropDown" time="0.572"/>
  <system-out/>
  <testcase classname="com.xyxbank.tests.CustomerLogin_DepositTest" name="testCustomerName" time="0.109"/>
  <system-out/>
  <testcase classname="com.xyxbank.tests.CustomerLogin_DepositTest" name="testLogin" time="0.043"/>
  <system-out/>
  <testcase classname="com.xyxbank.tests.CustomerLogin_DepositTest" name="testCustomerNameAccountPage" time="0.030"/>
  <system-out/>
  <testcase classname="com.xyxbank.tests.CustomerLogin_DepositTest" name="testCustomerAccountNumber" time="0.528"/>
  <system-out/>
  <testcase classname="com.xyxbank.tests.CustomerLogin_DepositTest" name="testCustomerAccountNo" time="0.026"/>
  <system-out/>
  <testcase classname="com.xyxbank.tests.CustomerLogin_DepositTest" name="testDeposit" time="0.039"/>
  <system-out/>
  <testcase classname="com.xyxbank.tests.CustomerLogin_DepositTest" name="testAmount" time="0.473"/>
  <system-out/>
  <testcase classname="com.xyxbank.tests.CustomerLogin_DepositTest" name="testSubmit" time="0.049"/>
  <system-out/>
  <testcase classname="com.xyxbank.tests.CustomerLogin_DepositTest" name="testDepositMessage" time="0.026"/>
  <system-out/>
  <testcase classname="com.xyxbank.tests.CustomerLogin_DepositTest" name="testDepositAmount" time="0.024"/>
  <system-out/>
  <testcase classname="com.xyxbank.tests.CustomerLogin_DepositTest" name="testLogOut" time="0.053"/>
  <system-out/>
  <testcase classname="com.xyxbank.tests.CustomerLogin_DepositTest" name="testHome" time="0.047"/>
  <system-out/>
</testsuite> <!-- com.xyxbank.tests.CustomerLogin_DepositTest -->
