<?xml version="1.0" encoding="UTF-8"?>
<!-- Generated by org.testng.reporters.JUnitReportReporter -->
<testsuite hostname="LAPTOP-POCHI3TQ" failures="0" tests="4" name="com.xyxbank.tests.HomeTest" time="0.904" errors="0" timestamp="2023-11-20T18:21:08 IST" skipped="0">
  <testcase classname="com.xyxbank.tests.HomeTest" name="testHomeButton" time="0.820"/>
  <system-out/>
  <testcase classname="com.xyxbank.tests.HomeTest" name="testCustomerLoginButton" time="0.027"/>
  <system-out/>
  <testcase classname="com.xyxbank.tests.HomeTest" name="testBankManagerLoginButton" time="0.026"/>
  <system-out/>
  <testcase classname="com.xyxbank.tests.HomeTest" name="testBankName" time="0.031"/>
  <system-out/>
</testsuite> <!-- com.xyxbank.tests.HomeTest -->
