<?xml version="1.0" encoding="UTF-8"?>
<!-- Generated by org.testng.reporters.JUnitReportReporter -->
<testsuite hostname="LAPTOP-POCHI3TQ" failures="0" tests="14" name="com.xyxbank.tests.CustomerLogin_WithdrawTest" time="2.895" errors="0" timestamp="2023-11-24T17:00:25 IST" skipped="0">
  <testcase classname="com.xyxbank.tests.CustomerLogin_WithdrawTest" name="testCustomerLogin" time="0.913"/>
  <system-out/>
  <testcase classname="com.xyxbank.tests.CustomerLogin_WithdrawTest" name="testYourNameDropDown" time="0.427"/>
  <system-out/>
  <testcase classname="com.xyxbank.tests.CustomerLogin_WithdrawTest" name="testCustomerName" time="0.122"/>
  <system-out/>
  <testcase classname="com.xyxbank.tests.CustomerLogin_WithdrawTest" name="testLogin" time="0.044"/>
  <system-out/>
  <testcase classname="com.xyxbank.tests.CustomerLogin_WithdrawTest" name="testCustomerNameAccountPage" time="0.031"/>
  <system-out/>
  <testcase classname="com.xyxbank.tests.CustomerLogin_WithdrawTest" name="testCustomerAccountNumber" time="0.523"/>
  <system-out/>
  <testcase classname="com.xyxbank.tests.CustomerLogin_WithdrawTest" name="testCurrency" time="0.020"/>
  <system-out/>
  <testcase classname="com.xyxbank.tests.CustomerLogin_WithdrawTest" name="testWithdraw" time="0.039"/>
  <system-out/>
  <testcase classname="com.xyxbank.tests.CustomerLogin_WithdrawTest" name="testAmount" time="0.522"/>
  <system-out/>
  <testcase classname="com.xyxbank.tests.CustomerLogin_WithdrawTest" name="testSubmit" time="0.064"/>
  <system-out/>
  <testcase classname="com.xyxbank.tests.CustomerLogin_WithdrawTest" name="testErrorMessage" time="0.026"/>
  <system-out/>
  <testcase classname="com.xyxbank.tests.CustomerLogin_WithdrawTest" name="testLogOut" time="0.070"/>
  <system-out/>
  <testcase classname="com.xyxbank.tests.CustomerLogin_WithdrawTest" name="testHome" time="0.068"/>
  <system-out/>
  <testcase classname="com.xyxbank.tests.CustomerLogin_WithdrawTest" name="testHomePage" time="0.026"/>
  <system-out/>
</testsuite> <!-- com.xyxbank.tests.CustomerLogin_WithdrawTest -->
