<?xml version="1.0" encoding="UTF-8"?>
<!-- Generated by org.testng.reporters.JUnitReportReporter -->
<testsuite hostname="LAPTOP-POCHI3TQ" failures="0" tests="7" name="com.xyxbank.tests.BankManagerLogin_CustomersTest" time="5.074" errors="0" timestamp="2023-11-28T16:34:41 IST" skipped="0">
  <testcase classname="com.xyxbank.tests.BankManagerLogin_CustomersTest" name="testBankManagerLogin" time="3.636"/>
  <system-out/>
  <testcase classname="com.xyxbank.tests.BankManagerLogin_CustomersTest" name="testCustomersMenu" time="0.590"/>
  <system-out/>
  <testcase classname="com.xyxbank.tests.BankManagerLogin_CustomersTest" name="testCustomers" time="0.065"/>
  <system-out/>
  <testcase classname="com.xyxbank.tests.BankManagerLogin_CustomersTest" name="testCustomerName" time="0.616"/>
  <system-out/>
  <testcase classname="com.xyxbank.tests.BankManagerLogin_CustomersTest" name="testDelete" time="0.056"/>
  <system-out/>
  <testcase classname="com.xyxbank.tests.BankManagerLogin_CustomersTest" name="testHome" time="0.069"/>
  <system-out/>
  <testcase classname="com.xyxbank.tests.BankManagerLogin_CustomersTest" name="testBankManagerLoginMenu" time="0.042"/>
  <system-out/>
</testsuite> <!-- com.xyxbank.tests.BankManagerLogin_CustomersTest -->
